[03/Jun/2018 21:07:24] "GET / HTTP/1.1" 200 863
Not Found: /favicon.ico
[03/Jun/2018 21:07:26] "GET /favicon.ico HTTP/1.1" 404 2532
[03/Jun/2018 21:07:36] "GET / HTTP/1.1" 200 863
[03/Jun/2018 21:08:05] "GET / HTTP/1.1" 200 863
Not Found: /favicon.ico
[03/Jun/2018 21:08:07] "GET /favicon.ico HTTP/1.1" 404 2532
Not Found: /favicon.ico
[03/Jun/2018 21:08:07] "GET /favicon.ico HTTP/1.1" 404 2532
[03/Jun/2018 21:08:14] "GET / HTTP/1.1" 200 863
[03/Jun/2018 21:08:31] "GET /admin HTTP/1.1" 301 0
[03/Jun/2018 21:08:31] "GET /admin/ HTTP/1.1" 302 0
[03/Jun/2018 21:08:32] "GET /admin/login/?next=/admin/ HTTP/1.1" 200 1859
[03/Jun/2018 21:08:32] "GET /static/admin/css/base.css HTTP/1.1" 200 16106
[03/Jun/2018 21:08:33] "GET /static/admin/css/login.css HTTP/1.1" 200 1203
[03/Jun/2018 21:08:33] "GET /static/admin/css/responsive.css HTTP/1.1" 200 17894
[03/Jun/2018 21:08:33] "GET /static/admin/css/fonts.css HTTP/1.1" 200 423
[03/Jun/2018 21:08:34] "GET /static/admin/fonts/Roboto-Light-webfont.woff HTTP/1.1" 200 81348
[03/Jun/2018 21:08:34] "GET /static/admin/fonts/Roboto-Regular-webfont.woff HTTP/1.1" 200 80304
[03/Jun/2018 21:08:58] "GET / HTTP/1.1" 200 863
[03/Jun/2018 21:08:58] "GET / HTTP/1.1" 200 863
[03/Jun/2018 21:09:27] "POST /admin/login/?next=/admin/ HTTP/1.1" 200 2020
[03/Jun/2018 21:09:28] "GET /static/admin/fonts/Roboto-Bold-webfont.woff HTTP/1.1" 200 82564
[03/Jun/2018 21:09:41] "POST /admin/login/?next=/admin/ HTTP/1.1" 302 0
[03/Jun/2018 21:09:42] "GET /admin/ HTTP/1.1" 200 5071
[03/Jun/2018 21:09:42] "GET /static/admin/css/dashboard.css HTTP/1.1" 200 412
[03/Jun/2018 21:09:42] "GET /static/admin/img/icon-addlink.svg HTTP/1.1" 200 331
[03/Jun/2018 21:09:42] "GET /static/admin/img/icon-changelink.svg HTTP/1.1" 200 380
[03/Jun/2018 21:09:58] "GET /admin/users/user/ HTTP/1.1" 200 4354
[03/Jun/2018 21:09:58] "GET /static/admin/css/changelists.css HTTP/1.1" 200 6170
[03/Jun/2018 21:09:59] "GET /admin/jsi18n/ HTTP/1.1" 200 3185
[03/Jun/2018 21:09:59] "GET /static/admin/js/jquery.init.js HTTP/1.1" 200 363
[03/Jun/2018 21:09:59] "GET /static/admin/js/core.js HTTP/1.1" 200 7134
[03/Jun/2018 21:09:59] "GET /static/admin/js/admin/RelatedObjectLookups.js HTTP/1.1" 200 6897
[03/Jun/2018 21:09:59] "GET /static/admin/js/actions.js HTTP/1.1" 200 6502
[03/Jun/2018 21:09:59] "GET /static/admin/js/urlify.js HTTP/1.1" 200 8729
[03/Jun/2018 21:09:59] "GET /static/admin/js/prepopulate.js HTTP/1.1" 200 1538
[03/Jun/2018 21:10:00] "GET /static/admin/js/vendor/xregexp/xregexp.js HTTP/1.1" 200 128820
[03/Jun/2018 21:10:00] "GET /static/admin/js/vendor/jquery/jquery.js HTTP/1.1" 200 258648
[03/Jun/2018 21:10:01] "GET /static/admin/img/tooltag-add.svg HTTP/1.1" 200 331
[03/Jun/2018 21:10:03] "GET /admin/users/user/1/change/ HTTP/1.1" 200 14361
[03/Jun/2018 21:10:04] "GET /static/admin/js/prepopulate_init.js HTTP/1.1" 200 495
[03/Jun/2018 21:10:04] "GET /static/admin/css/forms.css HTTP/1.1" 200 8173
[03/Jun/2018 21:10:04] "GET /static/admin/js/calendar.js HTTP/1.1" 200 7777
[03/Jun/2018 21:10:04] "GET /static/admin/js/admin/DateTimeShortcuts.js HTTP/1.1" 200 20283
[03/Jun/2018 21:10:04] "GET /static/admin/js/change_form.js HTTP/1.1" 200 712
[03/Jun/2018 21:10:04] "GET /admin/jsi18n/ HTTP/1.1" 200 3185
[03/Jun/2018 21:10:04] "GET /static/admin/css/widgets.css HTTP/1.1" 200 10340
[03/Jun/2018 21:10:05] "GET /static/admin/img/icon-calendar.svg HTTP/1.1" 200 1086
[03/Jun/2018 21:10:05] "GET /static/admin/img/icon-clock.svg HTTP/1.1" 200 677
[03/Jun/2018 21:10:12] "GET /admin/users/user/ HTTP/1.1" 200 4354
[03/Jun/2018 21:10:15] "GET /admin/ HTTP/1.1" 200 5071
[03/Jun/2018 21:10:19] "GET /admin/users/user/add/ HTTP/1.1" 200 13967
[03/Jun/2018 21:10:19] "GET /admin/jsi18n/ HTTP/1.1" 200 3185
[03/Jun/2018 21:11:31] "POST /admin/users/user/add/ HTTP/1.1" 302 0
[03/Jun/2018 21:11:43] "POST /admin/users/user/add/ HTTP/1.1" 200 14180
[03/Jun/2018 21:11:43] "GET /admin/jsi18n/ HTTP/1.1" 200 3185
[03/Jun/2018 21:11:59] "GET /admin/users/user/add/ HTTP/1.1" 200 13967
[03/Jun/2018 21:12:02] "GET /admin/users/ HTTP/1.1" 200 2398
[03/Jun/2018 21:12:05] "GET /admin/ HTTP/1.1" 200 5385
[03/Jun/2018 21:12:07] "GET /admin/users/user/ HTTP/1.1" 200 4574
[03/Jun/2018 21:12:09] "GET /admin/jsi18n/ HTTP/1.1" 200 3185
[03/Jun/2018 21:12:11] "GET /admin/users/user/2/change/ HTTP/1.1" 200 14221
[03/Jun/2018 21:12:12] "GET /admin/jsi18n/ HTTP/1.1" 200 3185
[03/Jun/2018 21:12:25] "GET / HTTP/1.1" 200 863
[03/Jun/2018 21:12:29] "GET / HTTP/1.1" 200 863
[03/Jun/2018 21:12:31] "GET / HTTP/1.1" 200 863
[03/Jun/2018 21:26:05] "GET /admin/users/user/2/change/ HTTP/1.1" 200 14221
[03/Jun/2018 21:26:08] "GET /static/admin/css/base.css HTTP/1.1" 304 0
[03/Jun/2018 21:26:08] "GET /static/admin/js/vendor/jquery/jquery.js HTTP/1.1" 304 0
[03/Jun/2018 21:26:08] "GET /static/admin/js/jquery.init.js HTTP/1.1" 304 0
[03/Jun/2018 21:26:08] "GET /static/admin/css/forms.css HTTP/1.1" 304 0
[03/Jun/2018 21:26:08] "GET /static/admin/js/core.js HTTP/1.1" 304 0
[03/Jun/2018 21:26:08] "GET /admin/jsi18n/ HTTP/1.1" 200 3185
[03/Jun/2018 21:26:08] "GET /static/admin/js/admin/RelatedObjectLookups.js HTTP/1.1" 304 0
[03/Jun/2018 21:26:08] "GET /static/admin/js/actions.js HTTP/1.1" 304 0
[03/Jun/2018 21:26:08] "GET /static/admin/js/urlify.js HTTP/1.1" 304 0
[03/Jun/2018 21:26:08] "GET /static/admin/js/prepopulate.js HTTP/1.1" 304 0
[03/Jun/2018 21:26:08] "GET /static/admin/js/calendar.js HTTP/1.1" 304 0
[03/Jun/2018 21:26:08] "GET /static/admin/js/vendor/xregexp/xregexp.js HTTP/1.1" 304 0
[03/Jun/2018 21:26:09] "GET /static/admin/js/admin/DateTimeShortcuts.js HTTP/1.1" 304 0
[03/Jun/2018 21:26:12] "GET /static/admin/css/fonts.css HTTP/1.1" 200 423
[03/Jun/2018 21:26:12] "GET /static/admin/js/change_form.js HTTP/1.1" 304 0
[03/Jun/2018 21:26:12] "GET /static/admin/css/responsive.css HTTP/1.1" 304 0
[03/Jun/2018 21:26:12] "GET /static/admin/js/prepopulate_init.js HTTP/1.1" 304 0
[03/Jun/2018 21:26:15] "GET /static/admin/css/widgets.css HTTP/1.1" 200 10340
[03/Jun/2018 21:26:16] "GET /static/admin/img/icon-addlink.svg HTTP/1.1" 200 331
[03/Jun/2018 21:26:16] "GET /static/admin/img/icon-clock.svg HTTP/1.1" 200 677
[03/Jun/2018 21:26:16] "GET /static/admin/img/icon-calendar.svg HTTP/1.1" 200 1086
[03/Jun/2018 21:26:25] "GET /admin/ HTTP/1.1" 200 5385
[03/Jun/2018 21:26:31] "GET /admin/auth/group/add/ HTTP/1.1" 200 7382
[03/Jun/2018 21:26:33] "GET /admin/jsi18n/ HTTP/1.1" 200 3185
[03/Jun/2018 21:26:33] "GET /static/admin/js/SelectFilter2.js HTTP/1.1" 200 12680
[03/Jun/2018 21:26:33] "GET /static/admin/js/SelectBox.js HTTP/1.1" 200 5755
[03/Jun/2018 21:26:33] "GET /static/admin/img/icon-unknown-alt.svg HTTP/1.1" 200 655
[03/Jun/2018 21:26:33] "GET /static/admin/img/icon-unknown.svg HTTP/1.1" 200 655
[03/Jun/2018 21:26:33] "GET /static/admin/img/selector-icons.svg HTTP/1.1" 200 3291
[03/Jun/2018 21:26:33] "GET /static/admin/img/search.svg HTTP/1.1" 200 458
[03/Jun/2018 21:27:21] "POST /admin/auth/group/add/ HTTP/1.1" 302 0
[03/Jun/2018 21:27:21] "GET /admin/auth/group/ HTTP/1.1" 200 4892
[03/Jun/2018 21:27:22] "GET /admin/jsi18n/ HTTP/1.1" 200 3185
[03/Jun/2018 21:27:22] "GET /static/admin/img/icon-yes.svg HTTP/1.1" 200 436
[03/Jun/2018 21:27:22] "GET /static/admin/img/tooltag-add.svg HTTP/1.1" 200 331
[03/Jun/2018 21:27:25] "GET /admin/auth/group/add/ HTTP/1.1" 200 7382
[03/Jun/2018 21:27:31] "GET /admin/auth/group/ HTTP/1.1" 200 4715
[03/Jun/2018 21:27:32] "GET /admin/jsi18n/ HTTP/1.1" 200 3185
[03/Jun/2018 21:27:39] "GET /admin/auth/group/add/ HTTP/1.1" 200 7382
[03/Jun/2018 21:27:44] "GET /admin/jsi18n/ HTTP/1.1" 200 3185
[03/Jun/2018 21:28:24] "POST /admin/auth/group/add/ HTTP/1.1" 302 0
[03/Jun/2018 21:28:25] "GET /admin/auth/group/ HTTP/1.1" 200 5124
[03/Jun/2018 21:28:26] "GET /admin/jsi18n/ HTTP/1.1" 200 3185
[03/Jun/2018 21:28:26] "GET /static/admin/img/icon-yes.svg HTTP/1.1" 200 436
[03/Jun/2018 21:28:29] "GET /admin/ HTTP/1.1" 200 5955
[03/Jun/2018 21:28:34] "GET /admin/users/user/ HTTP/1.1" 200 4574
[03/Jun/2018 21:28:36] "GET /admin/jsi18n/ HTTP/1.1" 200 3185
[03/Jun/2018 21:28:47] "GET /admin/users/user/1/change/ HTTP/1.1" 200 14443
[03/Jun/2018 21:28:49] "GET /admin/jsi18n/ HTTP/1.1" 200 3185
[03/Jun/2018 21:28:54] "GET /admin/users/user/ HTTP/1.1" 200 4574
[03/Jun/2018 21:28:56] "GET /admin/users/user/ HTTP/1.1" 200 4574
[03/Jun/2018 21:28:59] "GET /admin/users/user/2/change/ HTTP/1.1" 200 14303
[03/Jun/2018 21:29:05] "GET /admin/jsi18n/ HTTP/1.1" 200 3185
[03/Jun/2018 21:29:18] "GET /admin/auth/group/add/?_to_field=id&_popup=1 HTTP/1.1" 200 6411
[03/Jun/2018 21:29:19] "GET /admin/jsi18n/ HTTP/1.1" 200 3185
[03/Jun/2018 21:36:48] "GET / HTTP/1.1" 200 863
[03/Jun/2018 21:36:55] "GET / HTTP/1.1" 200 863
Not Found: /users/
[03/Jun/2018 21:36:57] "GET /users/ HTTP/1.1" 404 4256
[03/Jun/2018 21:37:01] "GET / HTTP/1.1" 200 863
Not Found: /favicon.ico
[03/Jun/2018 21:37:02] "GET /favicon.ico HTTP/1.1" 404 2532
[03/Jun/2018 21:37:03] "GET /admin/ HTTP/1.1" 302 0
[03/Jun/2018 21:37:04] "GET /admin/login/?next=/admin/ HTTP/1.1" 200 1859
[03/Jun/2018 21:37:04] "GET /admin/ HTTP/1.1" 302 0
[03/Jun/2018 21:37:05] "GET /admin/login/?next=/admin/ HTTP/1.1" 200 1859
[03/Jun/2018 21:37:11] "POST /admin/login/?next=/admin/ HTTP/1.1" 302 0
[03/Jun/2018 21:37:11] "GET /admin/ HTTP/1.1" 200 5955
[03/Jun/2018 21:37:32] "GET / HTTP/1.1" 200 863
[03/Jun/2018 21:37:50] "GET / HTTP/1.1" 200 863
[03/Jun/2018 21:38:02] "GET /admin/users/user/ HTTP/1.1" 200 4574
[03/Jun/2018 21:38:03] "GET /admin/jsi18n/ HTTP/1.1" 200 3185
[03/Jun/2018 21:38:05] "GET /admin/users/user/2/change/ HTTP/1.1" 200 14303
[03/Jun/2018 21:38:05] "GET /admin/jsi18n/ HTTP/1.1" 200 3185
[03/Jun/2018 21:39:48] "GET /admin HTTP/1.1" 301 0
[03/Jun/2018 21:39:50] "GET /admin/ HTTP/1.1" 302 0
[03/Jun/2018 21:39:51] "GET /admin/login/?next=/admin/ HTTP/1.1" 200 1859
Performing system checks...

System check identified no issues (0 silenced).
June 03, 2018 - 21:06:59
Django version 2.0.5, using settings 'factory_monitor.settings'
Starting development server at http://0.0.0.0:8000/
Quit the server with CONTROL-C.
